\BOOKMARK [1][-]{section.1}{Preface}{}% 1
\BOOKMARK [2][-]{subsection.1.1}{Notation}{section.1}% 2
\BOOKMARK [2][-]{subsection.1.2}{Recommended Prior Knowledge}{section.1}% 3
\BOOKMARK [2][-]{subsection.1.3}{Content Warning}{section.1}% 4
\BOOKMARK [1][-]{section.2}{Theory of the RPG}{}% 5
\BOOKMARK [2][-]{subsection.2.1}{Pitch}{section.2}% 6
\BOOKMARK [2][-]{subsection.2.2}{Example First Combat}{section.2}% 7
\BOOKMARK [2][-]{subsection.2.3}{Method of Running a Combat}{section.2}% 8
\BOOKMARK [2][-]{subsection.2.4}{Damage Types}{section.2}% 9
\BOOKMARK [2][-]{subsection.2.5}{Roles}{section.2}% 10
\BOOKMARK [2][-]{subsection.2.6}{Pre-Game Interview}{section.2}% 11
\BOOKMARK [2][-]{subsection.2.7}{Highlighting Emotions}{section.2}% 12
\BOOKMARK [1][-]{section.3}{Systems}{}% 13
\BOOKMARK [2][-]{subsection.3.1}{Engine}{section.3}% 14
\BOOKMARK [2][-]{subsection.3.2}{Thermal}{section.3}% 15
\BOOKMARK [2][-]{subsection.3.3}{Railgun}{section.3}% 16
\BOOKMARK [2][-]{subsection.3.4}{Ray Accelerator}{section.3}% 17
\BOOKMARK [2][-]{subsection.3.5}{Life Support}{section.3}% 18
\BOOKMARK [2][-]{subsection.3.6}{Electrical Grid}{section.3}% 19
\BOOKMARK [2][-]{subsection.3.7}{Fighter AR Display}{section.3}% 20
\BOOKMARK [2][-]{subsection.3.8}{Outer Hull}{section.3}% 21
\BOOKMARK [1][-]{section.4}{Combats}{}% 22
\BOOKMARK [2][-]{subsection.4.1}{Combat 1: Formula S Track}{section.4}% 23
\BOOKMARK [2][-]{subsection.4.2}{Combat 2: Industrial District}{section.4}% 24
\BOOKMARK [2][-]{subsection.4.3}{Combat 3: Derelict Satellite}{section.4}% 25
\BOOKMARK [2][-]{subsection.4.4}{Combat 4: In the Shadow of the Station}{section.4}% 26
\BOOKMARK [2][-]{subsection.4.5}{Combat 5: Behind a Faraway Moon}{section.4}% 27
\BOOKMARK [2][-]{subsection.4.6}{Combat 6: A Station}{section.4}% 28
\BOOKMARK [2][-]{subsection.4.7}{Combat 7: Trained Fighter Squadron}{section.4}% 29
\BOOKMARK [2][-]{subsection.4.8}{Combat 8: An Entire Planet}{section.4}% 30
\BOOKMARK [1][-]{section.5}{Quests}{}% 31
\BOOKMARK [2][-]{subsection.5.1}{Quest 1: Retrieving a Hull}{section.5}% 32
\BOOKMARK [2][-]{subsection.5.2}{Quest 2: Retrieving a Radiator}{section.5}% 33
\BOOKMARK [2][-]{subsection.5.3}{Quest 3: Navigating a Broken Satellite}{section.5}% 34
\BOOKMARK [2][-]{subsection.5.4}{Quest 4: The Race}{section.5}% 35
\BOOKMARK [1][-]{section.6}{Documentation}{}% 36
\BOOKMARK [2][-]{subsection.6.1}{To Hit a Fighter}{section.6}% 37
\BOOKMARK [2][-]{subsection.6.2}{Weapon Accuracy}{section.6}% 38
\BOOKMARK [2][-]{subsection.6.3}{Debunking Laser and Missile Weaponry}{section.6}% 39
