\BOOKMARK [1][-]{section.1}{Preface}{}% 1
\BOOKMARK [2][-]{subsection.1.1}{Notation}{section.1}% 2
\BOOKMARK [2][-]{subsection.1.2}{Recommended Prior Knowledge}{section.1}% 3
\BOOKMARK [1][-]{section.2}{Theory of the System}{}% 4
\BOOKMARK [2][-]{subsection.2.1}{Highlighting Emotions}{section.2}% 5
\BOOKMARK [3][-]{subsubsection.2.1.1}{Fear}{subsection.2.1}% 6
\BOOKMARK [3][-]{subsubsection.2.1.2}{Anger}{subsection.2.1}% 7
\BOOKMARK [3][-]{subsubsection.2.1.3}{Isolation}{subsection.2.1}% 8
\BOOKMARK [3][-]{subsubsection.2.1.4}{Duty}{subsection.2.1}% 9
\BOOKMARK [1][-]{section.3}{Systems}{}% 10
\BOOKMARK [2][-]{subsection.3.1}{Engine}{section.3}% 11
\BOOKMARK [3][-]{subsubsection.3.1.1}{Electrolysis Chamber}{subsection.3.1}% 12
\BOOKMARK [3][-]{subsubsection.3.1.2}{Turbo}{subsection.3.1}% 13
\BOOKMARK [3][-]{subsubsection.3.1.3}{Combustion Chamber}{subsection.3.1}% 14
\BOOKMARK [3][-]{subsubsection.3.1.4}{Exhaust Vent}{subsection.3.1}% 15
\BOOKMARK [3][-]{subsubsection.3.1.5}{H2O \(l\) Storage}{subsection.3.1}% 16
\BOOKMARK [3][-]{subsubsection.3.1.6}{H2O \(l\) Pipe}{subsection.3.1}% 17
\BOOKMARK [3][-]{subsubsection.3.1.7}{H2O \(l\) Pump}{subsection.3.1}% 18
\BOOKMARK [3][-]{subsubsection.3.1.8}{H2 \(l\) Storage}{subsection.3.1}% 19
\BOOKMARK [3][-]{subsubsection.3.1.9}{H2 \(l\) Pipe}{subsection.3.1}% 20
\BOOKMARK [3][-]{subsubsection.3.1.10}{H2 \(g\) Condenser}{subsection.3.1}% 21
\BOOKMARK [3][-]{subsubsection.3.1.11}{O2 \(l\) Storage}{subsection.3.1}% 22
\BOOKMARK [3][-]{subsubsection.3.1.12}{O2 \(l\) Pipe}{subsection.3.1}% 23
\BOOKMARK [3][-]{subsubsection.3.1.13}{O2 \(l\) Cooling Pipes}{subsection.3.1}% 24
\BOOKMARK [3][-]{subsubsection.3.1.14}{O2 \(l\) Pump}{subsection.3.1}% 25
\BOOKMARK [3][-]{subsubsection.3.1.15}{O2 \(g\) Condenser}{subsection.3.1}% 26
\BOOKMARK [2][-]{subsection.3.2}{Thermal}{section.3}% 27
\BOOKMARK [3][-]{subsubsection.3.2.1}{Radiator}{subsection.3.2}% 28
\BOOKMARK [3][-]{subsubsection.3.2.2}{Compressor}{subsection.3.2}% 29
\BOOKMARK [3][-]{subsubsection.3.2.3}{Heat Exchanger}{subsection.3.2}% 30
\BOOKMARK [3][-]{subsubsection.3.2.4}{Heat Sink}{subsection.3.2}% 31
\BOOKMARK [3][-]{subsubsection.3.2.5}{H2O \(l\) Pipe}{subsection.3.2}% 32
\BOOKMARK [3][-]{subsubsection.3.2.6}{H2O \(l\) Pump}{subsection.3.2}% 33
\BOOKMARK [3][-]{subsubsection.3.2.7}{N2 \(g\) Pipe}{subsection.3.2}% 34
\BOOKMARK [3][-]{subsubsection.3.2.8}{N2 \(g\) Pump}{subsection.3.2}% 35
\BOOKMARK [2][-]{subsection.3.3}{blank section}{section.3}% 36
\BOOKMARK [3][-]{subsubsection.3.3.1}{Blank Component}{subsection.3.3}% 37
\BOOKMARK [3][-]{subsubsection.3.3.2}{Blank Component}{subsection.3.3}% 38
